<?xml version="1.0" encoding="UTF-8"?>
<testsuite name="Cucumber" time="5.674" tests="3" skipped="0" failures="0" errors="0">
<testcase classname="Adding the users to the List." name="Add user - Example #1.1" time="4.491">
<system-out><![CDATA[
Given User is on reqres URL.................................................passed
Given User is on reqres URL.................................................passed
When User enter the "rohan" and "sr.Eng"....................................passed
And user hit the user API...................................................passed
Then Users are added to list................................................passed
]]></system-out>
</testcase>
<testcase classname="Adding the users to the List." name="Add user - Example #1.2" time="0.415">
<system-out><![CDATA[
Given User is on reqres URL.................................................passed
Given User is on reqres URL.................................................passed
When User enter the "ajay" and "sr.Analyst".................................passed
And user hit the user API...................................................passed
Then Users are added to list................................................passed
]]></system-out>
</testcase>
<testcase classname="Adding the users to the List." name="Upade the user" time="0.434">
<system-out><![CDATA[
Given User is on reqres URL.................................................passed
When User enters name & job.................................................passed
And user hits the API.......................................................passed
Then User data is updated...................................................passed
]]></system-out>
</testcase>
</testsuite>
