<?xml version="1.0" encoding="UTF-8"?>
<!-- Generated by org.testng.reporters.JUnitReportReporter -->
<testsuite hostname="LIN-5CG2212TS2" failures="0" tests="2" name="com.testNG.DataproviderTest2" time="2.846" errors="0" timestamp="2024-05-21T09:48:53 IST" skipped="0">
  <testcase classname="com.testNG.DataproviderTest2" name="addData" time="0.404"/>
  <testcase classname="com.testNG.DataproviderTest2" name="addData" time="2.442"/>
</testsuite> <!-- com.testNG.DataproviderTest2 -->
