<?xml version="1.0" encoding="UTF-8"?>
<!-- Generated by org.testng.reporters.JUnitReportReporter -->
<testsuite hostname="LIN-5CG2212TS2" failures="0" tests="1" name="com.testNG.ExcelReaderTest1" time="3.412" errors="0" timestamp="2024-05-22T09:40:47 IST" skipped="0">
  <testcase classname="com.testNG.ExcelReaderTest1" name="addData" time="3.412"/>
</testsuite> <!-- com.testNG.ExcelReaderTest1 -->
