<?xml version="1.0" encoding="UTF-8"?>
<!-- Generated by org.testng.reporters.JUnitReportReporter -->
<testsuite hostname="LIN-5CG2212TS2" failures="0" tests="1" name="obj.Repo.ObjectRepoTest" time="2.606" errors="0" timestamp="2024-05-21T08:56:51 IST" skipped="0">
  <testcase classname="obj.Repo.ObjectRepoTest" name="addData" time="2.606"/>
</testsuite> <!-- obj.Repo.ObjectRepoTest -->
