<?xml version="1.0" encoding="UTF-8"?>
<!-- Generated by org.testng.reporters.JUnitReportReporter -->
<testsuite hostname="LIN-5CG2212TS2" failures="0" tests="3" name="TestRunner.TestRunner" time="5.493" errors="0" timestamp="2024-05-28T10:32:17 IST" skipped="0">
  <testcase classname="TestRunner.TestRunner" name="runScenario" time="4.627"/>
  <testcase classname="TestRunner.TestRunner" name="runScenario" time="0.444"/>
  <testcase classname="TestRunner.TestRunner" name="runScenario" time="0.422"/>
</testsuite> <!-- TestRunner.TestRunner -->
