<?xml version="1.0" encoding="UTF-8"?>
<!-- Generated by org.testng.reporters.JUnitReportReporter -->
<testsuite hostname="LIN-5CG2212TS2" failures="0" tests="3" name="com.testNG.DataProviderTest" time="2.677" errors="0" timestamp="2024-05-17T12:20:55 IST" skipped="0">
  <testcase classname="com.testNG.DataProviderTest" name="addData" time="0.363"/>
  <testcase classname="com.testNG.DataProviderTest" name="addData" time="1.956"/>
  <testcase classname="com.testNG.DataProviderTest" name="addData" time="0.358"/>
</testsuite> <!-- com.testNG.DataProviderTest -->
