<?xml version="1.0" encoding="UTF-8"?>
<!-- Generated by org.testng.reporters.JUnitReportReporter -->
<testsuite hostname="LIN-5CG2212TS2" failures="0" tests="1" name="com.restAssured.RestAssuredDemo.TestNGTest2" time="0.006" errors="0" timestamp="2024-05-15T22:39:40 IST" skipped="0">
  <testcase classname="com.restAssured.RestAssuredDemo.TestNGTest2" name="test" time="0.006"/>
</testsuite> <!-- com.restAssured.RestAssuredDemo.TestNGTest2 -->
