<?xml version="1.0" encoding="UTF-8"?>
<!-- Generated by org.testng.reporters.JUnitReportReporter -->
<testsuite hostname="LIN-5CG2212TS2" failures="0" tests="2" name="com.restAssured.RestAssuredDemo.GetUserListTest1" time="2.262" errors="0" timestamp="2024-05-16T15:50:38 IST" skipped="1">
  <testcase classname="com.restAssured.RestAssuredDemo.GetUserListTest1" name="getData" time="2.262"/>
  <testcase classname="com.restAssured.RestAssuredDemo.GetUserListTest1" name="addData">
    <skipped/>
  </testcase> <!-- addData -->
</testsuite> <!-- com.restAssured.RestAssuredDemo.GetUserListTest1 -->
