<?xml version="1.0" encoding="UTF-8"?>
<!-- Generated by org.testng.reporters.JUnitReportReporter -->
<testsuite hostname="LIN-5CG2212TS2" failures="0" tests="2" name="com.testNG.ExcelReaderTest2" time="2.698" errors="0" timestamp="2024-05-22T17:43:34 IST" skipped="0">
  <testcase classname="com.testNG.ExcelReaderTest2" name="addData" time="0.386"/>
  <testcase classname="com.testNG.ExcelReaderTest2" name="addData" time="2.312"/>
</testsuite> <!-- com.testNG.ExcelReaderTest2 -->
